<?xml version='1.0' encoding='UTF-8'?>
<testsuite hostname="linux" name="utiltest.MethodTests" tests="1" errors="0" failures="0" skipped="0" time="3.776">
                     <properties>
[...]
</properties>
                     <testcase classname="utiltest.MethodTests" name="should calculate the distance of two geo_location" time="3.776">
                                                 
                                               </testcase>
                     <system-out></system-out>
                     <system-err></system-err>
                   </testsuite>